TN:
SF:src/config/index.ts
FNF:0
FNH:0
DA:1,1
DA:2,1
DA:3,1
DA:4,1
DA:5,1
DA:6,1
DA:7,1
DA:8,1
DA:9,1
DA:10,1
DA:11,1
DA:12,1
DA:13,1
DA:14,1
DA:15,1
LF:15
LH:15
BRDA:4,0,0,0
BRF:1
BRH:0
end_of_record
TN:
SF:src/entities/User.ts
FN:8,User
FNF:1
FNH:1
FNDA:7,User
DA:1,1
DA:2,1
DA:3,1
DA:4,1
DA:5,1
DA:6,1
DA:7,1
DA:8,1
DA:9,7
DA:10,7
DA:11,1
LF:11
LH:11
BRDA:8,0,0,7
BRF:1
BRH:1
end_of_record
TN:
SF:src/repositories/implementations/PostgresUsersRepository.ts
FN:8,PostgresUsersRepository
FN:12,getList
FN:17,findByEmail
FN:27,findById
FN:37,save
FN:50,update
FNF:6
FNH:4
FNDA:3,PostgresUsersRepository
FNDA:0,getList
FNDA:7,findByEmail
FNDA:0,findById
FNDA:3,save
FNDA:1,update
DA:1,1
DA:2,1
DA:3,1
DA:4,1
DA:5,1
DA:6,1
DA:7,1
DA:8,1
DA:9,3
DA:10,3
DA:11,1
DA:12,1
DA:13,0
DA:14,0
DA:15,0
DA:16,1
DA:17,1
DA:18,7
DA:19,7
DA:20,7
DA:21,7
DA:22,7
DA:23,7
DA:24,7
DA:25,7
DA:26,1
DA:27,1
DA:28,0
DA:29,0
DA:30,0
DA:31,0
DA:32,0
DA:33,0
DA:34,0
DA:35,0
DA:36,1
DA:37,1
DA:38,3
DA:39,3
DA:40,3
DA:41,3
DA:42,3
DA:43,3
DA:44,3
DA:45,3
DA:46,3
DA:47,3
DA:48,3
DA:49,1
DA:50,1
DA:51,1
DA:52,1
DA:53,1
DA:54,1
DA:55,1
DA:56,1
DA:57,1
DA:58,1
DA:59,1
DA:60,1
LF:60
LH:49
BRDA:8,0,0,3
BRDA:17,1,0,7
BRDA:37,2,0,3
BRDA:50,3,0,1
BRF:4
BRH:4
end_of_record
TN:
SF:src/useCases/CreateUser/CreateUserUseCase.ts
FN:8,CreateUserUseCase
FN:12,execute
FNF:2
FNH:2
FNDA:3,CreateUserUseCase
FNDA:4,execute
DA:1,1
DA:2,1
DA:3,1
DA:4,1
DA:5,1
DA:6,1
DA:7,1
DA:8,1
DA:9,3
DA:10,3
DA:11,1
DA:12,1
DA:13,4
DA:14,4
DA:15,4
DA:16,1
DA:17,1
DA:18,3
DA:19,3
DA:20,3
DA:21,3
DA:22,3
DA:23,3
DA:24,3
DA:25,3
DA:26,3
DA:27,1
LF:27
LH:27
BRDA:8,0,0,3
BRDA:12,1,0,4
BRDA:15,2,0,3
BRDA:15,3,0,1
BRF:4
BRH:4
end_of_record
TN:
SF:src/useCases/Signin/SigninUseCase.ts
FN:10,SigninUseCase
FN:14,execute
FNF:2
FNH:2
FNDA:1,SigninUseCase
FNDA:3,execute
DA:1,1
DA:2,1
DA:3,1
DA:4,1
DA:5,1
DA:6,1
DA:7,1
DA:8,1
DA:9,1
DA:10,1
DA:11,1
DA:12,1
DA:13,1
DA:14,1
DA:15,3
DA:16,3
DA:17,3
DA:18,1
DA:19,1
DA:20,2
DA:21,2
DA:22,2
DA:23,3
DA:24,1
DA:25,1
DA:26,1
DA:27,1
DA:28,1
DA:29,1
DA:30,1
DA:31,1
DA:32,1
DA:33,1
LF:33
LH:33
BRDA:10,0,0,1
BRDA:14,1,0,3
BRDA:17,2,0,1
BRDA:20,3,0,2
BRDA:23,4,0,1
BRF:5
BRH:5
end_of_record
TN:
SF:src/useCases/UpdateUser/UpdateUserUseCase.ts
FN:5,UpdateUserUseCase
FN:9,execute
FNF:2
FNH:2
FNDA:1,UpdateUserUseCase
FNDA:1,execute
DA:1,1
DA:2,1
DA:3,1
DA:4,1
DA:5,1
DA:6,1
DA:7,1
DA:8,1
DA:9,1
DA:10,1
DA:11,1
DA:12,1
DA:13,1
DA:14,1
LF:14
LH:14
BRDA:5,0,0,1
BRDA:9,1,0,1
BRF:2
BRH:2
end_of_record
